<?xml version="1.0" encoding="UTF-8"?>
<!-- Generated by org.testng.reporters.JUnitReportReporter -->
<testsuite hostname="Johan96" name="se.nackademin.examination.examination_jacoco.MainTest" tests="1" failures="0" timestamp="19 Oct 2016 11:12:09 GMT" time="0.001" errors="0">
  <testcase name="testMainMethod" time="0.001" classname="se.nackademin.examination.examination_jacoco.MainTest"/>
</testsuite> <!-- se.nackademin.examination.examination_jacoco.MainTest -->
