<?xml version="1.0" encoding="UTF-8"?>
<!-- Generated by org.testng.reporters.JUnitReportReporter -->
<testsuite hostname="Johan96" name="se.nackademin.examination.examination_jacoco.ConversorTest" tests="4" failures="0" timestamp="19 Oct 2016 11:12:09 GMT" time="0.007" errors="0">
  <testcase name="testConversor" time="0.000" classname="se.nackademin.examination.examination_jacoco.ConversorTest"/>
  <testcase name="TestSetCityConverterArrayValues" time="0.000" classname="se.nackademin.examination.examination_jacoco.ConversorTest"/>
  <testcase name="TestsetGenderConverterArrayValues" time="0.007" classname="se.nackademin.examination.examination_jacoco.ConversorTest"/>
  <testcase name="TestSetAgeConverterArrayValues" time="0.000" classname="se.nackademin.examination.examination_jacoco.ConversorTest"/>
</testsuite> <!-- se.nackademin.examination.examination_jacoco.ConversorTest -->
