<?xml version="1.0" encoding="UTF-8"?>
<!-- Generated by org.testng.reporters.JUnitReportReporter -->
<testsuite hostname="Johan96" name="se.nackademin.examination.examination_jacoco.GameTest" tests="9" failures="0" timestamp="19 Oct 2016 11:12:09 GMT" time="0.012" errors="0">
  <testcase name="TestCalculateOutPutBasedOnGender" time="0.001" classname="se.nackademin.examination.examination_jacoco.GameTest"/>
  <testcase name="TestGetAgeFromInputValues" time="0.000" classname="se.nackademin.examination.examination_jacoco.GameTest"/>
  <testcase name="TestRunGame" time="0.006" classname="se.nackademin.examination.examination_jacoco.GameTest"/>
  <testcase name="TestCalculateOutPutBasedOnAge" time="0.000" classname="se.nackademin.examination.examination_jacoco.GameTest"/>
  <testcase name="TestBuildFinalString" time="0.000" classname="se.nackademin.examination.examination_jacoco.GameTest"/>
  <testcase name="TestCalculateOutPutBasedOnHomeCity" time="0.000" classname="se.nackademin.examination.examination_jacoco.GameTest"/>
  <testcase name="TestRun" time="0.004" classname="se.nackademin.examination.examination_jacoco.GameTest"/>
  <testcase name="testMethod1" time="0.000" classname="se.nackademin.examination.examination_jacoco.GameTest"/>
  <testcase name="TestGetGenderFromInputValues" time="0.001" classname="se.nackademin.examination.examination_jacoco.GameTest"/>
</testsuite> <!-- se.nackademin.examination.examination_jacoco.GameTest -->
